{"level":"info","message":"::ffff:192.168.0.3 - - [16/Jun/2025:14:16:58 +0000] \"POST /api/location HTTP/1.1\" 200 225 \"-\" \"okhttp/4.12.0\"","service":"simiriti-management-api","timestamp":"2025-06-16 19:46:58"}
{"level":"info","message":"MQTT Service singleton created","service":"simiriti-management-api","timestamp":"2025-06-16 19:50:16"}
{"level":"info","message":"WebSocket server initialized with multi-sensor support","service":"simiriti-management-api","timestamp":"2025-06-16 19:50:16"}
{"level":"info","message":"Server running in development mode on port 5000","service":"simiriti-management-api","timestamp":"2025-06-16 19:50:16"}
{"level":"info","message":"✅ Connected to HiveMQ Cloud for device 2113","service":"simiriti-management-api","timestamp":"2025-06-16 19:50:17"}
{"level":"info","message":"📡 2113 subscribed to devices/2113/status","service":"simiriti-management-api","timestamp":"2025-06-16 19:50:17"}
{"level":"info","message":"MongoDB Connected: ac-57ytooh-shard-00-01.u11bugl.mongodb.net","service":"simiriti-management-api","timestamp":"2025-06-16 19:50:18"}
{"level":"info","message":"♻️ Scheduled 0 pending reminders on startup","service":"simiriti-management-api","timestamp":"2025-06-16 19:50:19"}
{"level":"warn","message":"Rejected connection: No token provided","service":"simiriti-management-api","timestamp":"2025-06-16 19:50:19"}
{"level":"info","message":"Client connected: 6830634bb91ca93949d6aad5","service":"simiriti-management-api","timestamp":"2025-06-16 19:50:24"}
{"level":"info","message":"Client 6830634bb91ca93949d6aad5 connected (1 total)","service":"simiriti-management-api","timestamp":"2025-06-16 19:50:24"}
{"level":"info","message":"Heartbeat from 6830634bb91ca93949d6aad5","service":"simiriti-management-api","timestamp":"2025-06-16 19:50:41"}
{"level":"info","message":"::ffff:192.168.0.3 - - [16/Jun/2025:14:20:59 +0000] \"POST /api/location HTTP/1.1\" 200 225 \"-\" \"okhttp/4.12.0\"","service":"simiriti-management-api","timestamp":"2025-06-16 19:50:59"}
{"level":"info","message":"Heartbeat from 6830634bb91ca93949d6aad5","service":"simiriti-management-api","timestamp":"2025-06-16 19:51:06"}
{"level":"info","message":"Heartbeat from 6830634bb91ca93949d6aad5","service":"simiriti-management-api","timestamp":"2025-06-16 19:51:31"}
{"level":"info","message":"Heartbeat from 6830634bb91ca93949d6aad5","service":"simiriti-management-api","timestamp":"2025-06-16 19:51:56"}
{"level":"info","message":"Heartbeat from 6830634bb91ca93949d6aad5","service":"simiriti-management-api","timestamp":"2025-06-16 19:52:21"}
{"level":"info","message":"Client connected: 6830634bb91ca93949d6aad5","service":"simiriti-management-api","timestamp":"2025-06-16 19:52:29"}
{"level":"info","message":"Client 6830634bb91ca93949d6aad5 connected (1 total)","service":"simiriti-management-api","timestamp":"2025-06-16 19:52:29"}
{"level":"info","message":"Client disconnected: 6830634bb91ca93949d6aad5","service":"simiriti-management-api","timestamp":"2025-06-16 19:52:29"}
{"level":"info","message":"Client 6830634bb91ca93949d6aad5 disconnected (0 remaining)","service":"simiriti-management-api","timestamp":"2025-06-16 19:52:29"}
{"level":"info","message":"Client connected: 6830634bb91ca93949d6aad5","service":"simiriti-management-api","timestamp":"2025-06-16 19:52:32"}
{"level":"info","message":"Client 6830634bb91ca93949d6aad5 connected (1 total)","service":"simiriti-management-api","timestamp":"2025-06-16 19:52:32"}
{"level":"info","message":"MQTT Service singleton created","service":"simiriti-management-api","timestamp":"2025-06-16 19:54:16"}
{"level":"info","message":"WebSocket server initialized with multi-sensor support","service":"simiriti-management-api","timestamp":"2025-06-16 19:54:16"}
{"level":"info","message":"Server running in development mode on port 5000","service":"simiriti-management-api","timestamp":"2025-06-16 19:54:16"}
{"level":"info","message":"✅ Connected to HiveMQ Cloud for device 2113","service":"simiriti-management-api","timestamp":"2025-06-16 19:54:17"}
{"level":"info","message":"📡 2113 subscribed to devices/2113/status","service":"simiriti-management-api","timestamp":"2025-06-16 19:54:17"}
{"level":"info","message":"MongoDB Connected: ac-57ytooh-shard-00-00.u11bugl.mongodb.net","service":"simiriti-management-api","timestamp":"2025-06-16 19:54:17"}
{"level":"info","message":"♻️ Scheduled 0 pending reminders on startup","service":"simiriti-management-api","timestamp":"2025-06-16 19:54:19"}
{"level":"warn","message":"Rejected connection: No token provided","service":"simiriti-management-api","timestamp":"2025-06-16 19:54:27"}
{"level":"info","message":"Client connected: 6830634bb91ca93949d6aad5","service":"simiriti-management-api","timestamp":"2025-06-16 19:54:27"}
{"level":"info","message":"Client 6830634bb91ca93949d6aad5 connected (1 total)","service":"simiriti-management-api","timestamp":"2025-06-16 19:54:27"}
{"level":"info","message":"Heartbeat from 6830634bb91ca93949d6aad5","service":"simiriti-management-api","timestamp":"2025-06-16 19:54:41"}
{"level":"info","message":"::ffff:192.168.0.3 - - [16/Jun/2025:14:24:59 +0000] \"POST /api/location HTTP/1.1\" 200 225 \"-\" \"okhttp/4.12.0\"","service":"simiriti-management-api","timestamp":"2025-06-16 19:54:59"}
{"level":"info","message":"Heartbeat from 6830634bb91ca93949d6aad5","service":"simiriti-management-api","timestamp":"2025-06-16 19:55:06"}
{"level":"info","message":"Heartbeat from 6830634bb91ca93949d6aad5","service":"simiriti-management-api","timestamp":"2025-06-16 19:55:31"}
{"level":"info","message":"Heartbeat from 6830634bb91ca93949d6aad5","service":"simiriti-management-api","timestamp":"2025-06-16 19:55:56"}
{"level":"info","message":"Heartbeat from 6830634bb91ca93949d6aad5","service":"simiriti-management-api","timestamp":"2025-06-16 19:56:21"}
{"level":"info","message":"Heartbeat from 6830634bb91ca93949d6aad5","service":"simiriti-management-api","timestamp":"2025-06-16 19:56:46"}
{"level":"info","message":"Heartbeat from 6830634bb91ca93949d6aad5","service":"simiriti-management-api","timestamp":"2025-06-16 19:57:11"}
{"level":"info","message":"MQTT Service singleton created","service":"simiriti-management-api","timestamp":"2025-06-16 19:57:46"}
{"level":"info","message":"WebSocket server initialized with multi-sensor support","service":"simiriti-management-api","timestamp":"2025-06-16 19:57:46"}
{"level":"info","message":"Server running in development mode on port 5000","service":"simiriti-management-api","timestamp":"2025-06-16 19:57:46"}
{"level":"info","message":"MQTT Service singleton created","service":"simiriti-management-api","timestamp":"2025-06-16 19:57:50"}
{"level":"info","message":"WebSocket server initialized with multi-sensor support","service":"simiriti-management-api","timestamp":"2025-06-16 19:57:50"}
{"level":"info","message":"Server running in development mode on port 5000","service":"simiriti-management-api","timestamp":"2025-06-16 19:57:50"}
{"level":"warn","message":"Rejected connection: No token provided","service":"simiriti-management-api","timestamp":"2025-06-16 19:57:50"}
{"level":"info","message":"✅ Connected to HiveMQ Cloud for device 2113","service":"simiriti-management-api","timestamp":"2025-06-16 19:57:51"}
{"level":"info","message":"📡 2113 subscribed to devices/2113/status","service":"simiriti-management-api","timestamp":"2025-06-16 19:57:51"}
{"level":"info","message":"MQTT Service singleton created","service":"simiriti-management-api","timestamp":"2025-06-16 19:58:02"}
{"level":"info","message":"WebSocket server initialized with multi-sensor support","service":"simiriti-management-api","timestamp":"2025-06-16 19:58:02"}
{"level":"info","message":"Server running in development mode on port 5000","service":"simiriti-management-api","timestamp":"2025-06-16 19:58:02"}
{"level":"info","message":"✅ Connected to HiveMQ Cloud for device 2113","service":"simiriti-management-api","timestamp":"2025-06-16 19:58:03"}
{"level":"info","message":"📡 2113 subscribed to devices/2113/status","service":"simiriti-management-api","timestamp":"2025-06-16 19:58:03"}
{"level":"info","message":"MongoDB Connected: ac-57ytooh-shard-00-01.u11bugl.mongodb.net","service":"simiriti-management-api","timestamp":"2025-06-16 19:58:04"}
{"level":"info","message":"♻️ Scheduled 0 pending reminders on startup","service":"simiriti-management-api","timestamp":"2025-06-16 19:58:06"}
{"level":"warn","message":"Rejected connection: No token provided","service":"simiriti-management-api","timestamp":"2025-06-16 19:58:08"}
{"level":"info","message":"Client connected: 6830634bb91ca93949d6aad5","service":"simiriti-management-api","timestamp":"2025-06-16 19:58:47"}
{"level":"info","message":"Client 6830634bb91ca93949d6aad5 connected (1 total)","service":"simiriti-management-api","timestamp":"2025-06-16 19:58:47"}
{"level":"info","message":"::ffff:192.168.0.3 - - [16/Jun/2025:14:28:59 +0000] \"POST /api/location HTTP/1.1\" 200 224 \"-\" \"okhttp/4.12.0\"","service":"simiriti-management-api","timestamp":"2025-06-16 19:58:59"}
{"level":"info","message":"ESP32 audio device connected: esp32_1750084354238_xie6mytag","service":"simiriti-management-api","timestamp":"2025-06-16 20:02:34"}
{"level":"warn","message":"Terminating unresponsive client","service":"simiriti-management-api","timestamp":"2025-06-16 20:03:02"}
{"level":"info","message":"ESP32 device disconnected: esp32_1750084354238_xie6mytag","service":"simiriti-management-api","timestamp":"2025-06-16 20:03:02"}
{"level":"info","message":"ESP32 device esp32_1750084354238_xie6mytag disconnected and cleaned up","service":"simiriti-management-api","timestamp":"2025-06-16 20:03:02"}
{"level":"info","message":"ESP32 audio device connected: esp32_1750084382798_20a5kp4o0","service":"simiriti-management-api","timestamp":"2025-06-16 20:03:02"}
{"level":"info","message":"ESP32 device disconnected: esp32_1750084382798_20a5kp4o0","service":"simiriti-management-api","timestamp":"2025-06-16 20:03:07"}
{"level":"info","message":"ESP32 device esp32_1750084382798_20a5kp4o0 disconnected and cleaned up","service":"simiriti-management-api","timestamp":"2025-06-16 20:03:07"}
{"level":"info","message":"ESP32 audio device connected: esp32_1750084387871_4p6f1kpyr","service":"simiriti-management-api","timestamp":"2025-06-16 20:03:07"}
{"level":"warn","message":"Terminating unresponsive client","service":"simiriti-management-api","timestamp":"2025-06-16 20:03:52"}
{"level":"info","message":"ESP32 device disconnected: esp32_1750084387871_4p6f1kpyr","service":"simiriti-management-api","timestamp":"2025-06-16 20:03:52"}
{"level":"info","message":"ESP32 device esp32_1750084387871_4p6f1kpyr disconnected and cleaned up","service":"simiriti-management-api","timestamp":"2025-06-16 20:03:52"}
{"level":"info","message":"ESP32 audio device connected: esp32_1750084432835_5v5cnaocf","service":"simiriti-management-api","timestamp":"2025-06-16 20:03:52"}
{"level":"warn","message":"Terminating unresponsive client","service":"simiriti-management-api","timestamp":"2025-06-16 20:04:42"}
{"level":"info","message":"ESP32 device disconnected: esp32_1750084432835_5v5cnaocf","service":"simiriti-management-api","timestamp":"2025-06-16 20:04:42"}
{"level":"info","message":"ESP32 device esp32_1750084432835_5v5cnaocf disconnected and cleaned up","service":"simiriti-management-api","timestamp":"2025-06-16 20:04:42"}
{"level":"info","message":"ESP32 audio device connected: esp32_1750084482817_wpbw41pbn","service":"simiriti-management-api","timestamp":"2025-06-16 20:04:42"}
{"level":"info","message":"ESP32 audio device connected: esp32_1750084487909_c84v2r7b5","service":"simiriti-management-api","timestamp":"2025-06-16 20:04:47"}
{"level":"info","message":"ESP32 device disconnected: esp32_1750084482817_wpbw41pbn","service":"simiriti-management-api","timestamp":"2025-06-16 20:04:47"}
{"level":"info","message":"ESP32 device esp32_1750084482817_wpbw41pbn disconnected and cleaned up","service":"simiriti-management-api","timestamp":"2025-06-16 20:04:47"}
{"level":"warn","message":"Terminating unresponsive client","service":"simiriti-management-api","timestamp":"2025-06-16 20:05:32"}
{"level":"info","message":"ESP32 device disconnected: esp32_1750084487909_c84v2r7b5","service":"simiriti-management-api","timestamp":"2025-06-16 20:05:32"}
{"level":"info","message":"ESP32 device esp32_1750084487909_c84v2r7b5 disconnected and cleaned up","service":"simiriti-management-api","timestamp":"2025-06-16 20:05:32"}
{"level":"info","message":"ESP32 audio device connected: esp32_1750084532970_laz1qmufb","service":"simiriti-management-api","timestamp":"2025-06-16 20:05:32"}
{"level":"info","message":"Client connected: 6830634bb91ca93949d6aad5","service":"simiriti-management-api","timestamp":"2025-06-16 20:05:36"}
{"level":"info","message":"Client 6830634bb91ca93949d6aad5 connected (1 total)","service":"simiriti-management-api","timestamp":"2025-06-16 20:05:36"}
{"level":"info","message":"Client disconnected: 6830634bb91ca93949d6aad5","service":"simiriti-management-api","timestamp":"2025-06-16 20:05:37"}
{"level":"info","message":"Client 6830634bb91ca93949d6aad5 disconnected (0 remaining)","service":"simiriti-management-api","timestamp":"2025-06-16 20:05:37"}
{"level":"info","message":"::ffff:192.168.0.3 - - [16/Jun/2025:14:35:37 +0000] \"POST /api/location HTTP/1.1\" 200 225 \"-\" \"okhttp/4.12.0\"","service":"simiriti-management-api","timestamp":"2025-06-16 20:05:37"}
{"level":"info","message":"ESP32 device disconnected: esp32_1750084532970_laz1qmufb","service":"simiriti-management-api","timestamp":"2025-06-16 20:05:38"}
{"level":"info","message":"ESP32 device esp32_1750084532970_laz1qmufb disconnected and cleaned up","service":"simiriti-management-api","timestamp":"2025-06-16 20:05:38"}
{"level":"info","message":"ESP32 audio device connected: esp32_1750084538017_0cr7zywht","service":"simiriti-management-api","timestamp":"2025-06-16 20:05:38"}
{"level":"info","message":"Client connected: 6830634bb91ca93949d6aad5","service":"simiriti-management-api","timestamp":"2025-06-16 20:05:40"}
{"level":"info","message":"Client 6830634bb91ca93949d6aad5 connected (1 total)","service":"simiriti-management-api","timestamp":"2025-06-16 20:05:40"}
{"level":"info","message":"Client disconnected: 6830634bb91ca93949d6aad5","service":"simiriti-management-api","timestamp":"2025-06-16 20:07:21"}
{"level":"info","message":"Client 6830634bb91ca93949d6aad5 disconnected (0 remaining)","service":"simiriti-management-api","timestamp":"2025-06-16 20:07:21"}
{"level":"info","message":"Client connected: 6830634bb91ca93949d6aad5","service":"simiriti-management-api","timestamp":"2025-06-16 20:07:22"}
{"level":"info","message":"Client 6830634bb91ca93949d6aad5 connected (1 total)","service":"simiriti-management-api","timestamp":"2025-06-16 20:07:22"}
{"level":"info","message":"Client disconnected: 6830634bb91ca93949d6aad5","service":"simiriti-management-api","timestamp":"2025-06-16 20:07:28"}
{"level":"info","message":"Client 6830634bb91ca93949d6aad5 disconnected (0 remaining)","service":"simiriti-management-api","timestamp":"2025-06-16 20:07:28"}
{"level":"info","message":"Client connected: 6830634bb91ca93949d6aad5","service":"simiriti-management-api","timestamp":"2025-06-16 20:07:33"}
{"level":"info","message":"Client 6830634bb91ca93949d6aad5 connected (1 total)","service":"simiriti-management-api","timestamp":"2025-06-16 20:07:33"}
{"level":"info","message":"::ffff:192.168.0.3 - - [16/Jun/2025:14:39:37 +0000] \"POST /api/location HTTP/1.1\" 200 225 \"-\" \"okhttp/4.12.0\"","service":"simiriti-management-api","timestamp":"2025-06-16 20:09:37"}
{"level":"info","message":"ESP32 device disconnected: esp32_1750084538017_0cr7zywht","service":"simiriti-management-api","timestamp":"2025-06-16 20:09:57"}
{"level":"info","message":"ESP32 device esp32_1750084538017_0cr7zywht disconnected and cleaned up","service":"simiriti-management-api","timestamp":"2025-06-16 20:09:57"}
{"level":"info","message":"Client disconnected: 6830634bb91ca93949d6aad5","service":"simiriti-management-api","timestamp":"2025-06-16 20:11:32"}
{"level":"info","message":"Client 6830634bb91ca93949d6aad5 disconnected (0 remaining)","service":"simiriti-management-api","timestamp":"2025-06-16 20:11:32"}
{"level":"info","message":"Client disconnected: 6830634bb91ca93949d6aad5","service":"simiriti-management-api","timestamp":"2025-06-16 20:11:32"}
{"level":"error","message":"❌ MQTT error (Device 2113): read ECONNRESET","service":"simiriti-management-api","timestamp":"2025-06-16 22:24:26"}
{"level":"info","message":"ℹ️ MQTT client offline for device 2113","service":"simiriti-management-api","timestamp":"2025-06-16 22:24:26"}
{"level":"info","message":"ℹ️ MQTT connection closed for device 2113","service":"simiriti-management-api","timestamp":"2025-06-16 22:24:26"}
{"level":"info","message":"✅ Connected to HiveMQ Cloud for device 2113","service":"simiriti-management-api","timestamp":"2025-06-16 22:24:27"}
{"level":"info","message":"📡 2113 subscribed to devices/2113/status","service":"simiriti-management-api","timestamp":"2025-06-16 22:24:27"}
{"level":"info","message":"MQTT Service singleton created","service":"simiriti-management-api","timestamp":"2025-06-17 02:01:13"}
{"level":"info","message":"WebSocket server initialized with multi-sensor support","service":"simiriti-management-api","timestamp":"2025-06-17 02:01:14"}
{"level":"info","message":"Server running in development mode on port 5000","service":"simiriti-management-api","timestamp":"2025-06-17 02:01:14"}
{"level":"info","message":"✅ Connected to HiveMQ Cloud for device 2113","service":"simiriti-management-api","timestamp":"2025-06-17 02:01:14"}
{"level":"info","message":"📡 2113 subscribed to devices/2113/status","service":"simiriti-management-api","timestamp":"2025-06-17 02:01:15"}
{"level":"info","message":"MongoDB Connected: ac-57ytooh-shard-00-01.u11bugl.mongodb.net","service":"simiriti-management-api","timestamp":"2025-06-17 02:01:15"}
{"level":"info","message":"♻️ Scheduled 0 pending reminders on startup","service":"simiriti-management-api","timestamp":"2025-06-17 02:01:16"}
{"level":"info","message":"Client connected: 6830634bb91ca93949d6aad5","service":"simiriti-management-api","timestamp":"2025-06-17 02:01:17"}
{"level":"info","message":"Client 6830634bb91ca93949d6aad5 connected (1 total)","service":"simiriti-management-api","timestamp":"2025-06-17 02:01:17"}
{"level":"warn","message":"Rejected connection: No token provided","service":"simiriti-management-api","timestamp":"2025-06-17 02:01:21"}
{"level":"info","message":"::ffff:192.168.0.4 - - [16/Jun/2025:20:31:31 +0000] \"POST /api/basic/caregiver HTTP/1.1\" 200 1429 \"-\" \"okhttp/4.12.0\"","service":"simiriti-management-api","timestamp":"2025-06-17 02:01:31"}
{"level":"info","message":"::ffff:192.168.0.4 - - [16/Jun/2025:20:31:31 +0000] \"POST /api/basic/family HTTP/1.1\" 200 1981 \"-\" \"okhttp/4.12.0\"","service":"simiriti-management-api","timestamp":"2025-06-17 02:01:31"}
{"level":"info","message":"::ffff:192.168.0.4 - - [16/Jun/2025:20:31:39 +0000] \"POST /api/basic/patient HTTP/1.1\" 200 557 \"-\" \"okhttp/4.12.0\"","service":"simiriti-management-api","timestamp":"2025-06-17 02:01:39"}
{"level":"info","message":"::ffff:192.168.0.4 - - [16/Jun/2025:20:31:40 +0000] \"POST /api/basic/caregiver HTTP/1.1\" 200 1429 \"-\" \"okhttp/4.12.0\"","service":"simiriti-management-api","timestamp":"2025-06-17 02:01:40"}
{"level":"info","message":"::ffff:192.168.0.4 - - [16/Jun/2025:20:31:40 +0000] \"POST /api/basic/family HTTP/1.1\" 200 1981 \"-\" \"okhttp/4.12.0\"","service":"simiriti-management-api","timestamp":"2025-06-17 02:01:40"}
{"level":"info","message":"Client connected: 6830634bb91ca93949d6aad5","service":"simiriti-management-api","timestamp":"2025-06-17 02:01:50"}
{"level":"info","message":"Client 6830634bb91ca93949d6aad5 connected (1 total)","service":"simiriti-management-api","timestamp":"2025-06-17 02:01:50"}
{"level":"info","message":"Client disconnected: 6830634bb91ca93949d6aad5","service":"simiriti-management-api","timestamp":"2025-06-17 02:01:50"}
{"level":"info","message":"Client 6830634bb91ca93949d6aad5 disconnected (0 remaining)","service":"simiriti-management-api","timestamp":"2025-06-17 02:01:50"}
{"level":"info","message":"Client disconnected: 6830634bb91ca93949d6aad5","service":"simiriti-management-api","timestamp":"2025-06-17 02:01:52"}
{"level":"info","message":"Client connected: 6830634bb91ca93949d6aad5","service":"simiriti-management-api","timestamp":"2025-06-17 02:01:53"}
{"level":"info","message":"Client 6830634bb91ca93949d6aad5 connected (1 total)","service":"simiriti-management-api","timestamp":"2025-06-17 02:01:53"}
{"level":"info","message":"::ffff:192.168.0.4 - - [16/Jun/2025:20:34:15 +0000] \"POST /api/location HTTP/1.1\" 200 224 \"-\" \"okhttp/4.12.0\"","service":"simiriti-management-api","timestamp":"2025-06-17 02:04:15"}
{"level":"info","message":"::ffff:192.168.0.4 - - [16/Jun/2025:20:38:14 +0000] \"POST /api/location HTTP/1.1\" 200 225 \"-\" \"okhttp/4.12.0\"","service":"simiriti-management-api","timestamp":"2025-06-17 02:08:14"}
{"level":"info","message":"MQTT Service singleton created","service":"simiriti-management-api","timestamp":"2025-06-17 02:10:25"}
{"level":"info","message":"WebSocket server initialized with multi-sensor support","service":"simiriti-management-api","timestamp":"2025-06-17 02:10:25"}
{"level":"info","message":"Server running in development mode on port 5000","service":"simiriti-management-api","timestamp":"2025-06-17 02:10:25"}
{"level":"info","message":"✅ Connected to HiveMQ Cloud for device 2113","service":"simiriti-management-api","timestamp":"2025-06-17 02:10:26"}
{"level":"info","message":"📡 2113 subscribed to devices/2113/status","service":"simiriti-management-api","timestamp":"2025-06-17 02:10:26"}
{"level":"warn","message":"Rejected connection: No token provided","service":"simiriti-management-api","timestamp":"2025-06-17 02:10:26"}
{"level":"info","message":"MongoDB Connected: ac-57ytooh-shard-00-00.u11bugl.mongodb.net","service":"simiriti-management-api","timestamp":"2025-06-17 02:10:27"}
{"level":"info","message":"♻️ Scheduled 0 pending reminders on startup","service":"simiriti-management-api","timestamp":"2025-06-17 02:10:29"}
{"level":"info","message":"Client connected: 6830634bb91ca93949d6aad5","service":"simiriti-management-api","timestamp":"2025-06-17 02:10:33"}
{"level":"info","message":"Client 6830634bb91ca93949d6aad5 connected (1 total)","service":"simiriti-management-api","timestamp":"2025-06-17 02:10:33"}
{"level":"info","message":"::ffff:192.168.0.4 - - [16/Jun/2025:20:42:12 +0000] \"POST /api/location HTTP/1.1\" 200 225 \"-\" \"okhttp/4.12.0\"","service":"simiriti-management-api","timestamp":"2025-06-17 02:12:12"}
{"level":"info","message":"Client disconnected: 6830634bb91ca93949d6aad5","service":"simiriti-management-api","timestamp":"2025-06-17 02:20:50"}
{"level":"info","message":"Client 6830634bb91ca93949d6aad5 disconnected (0 remaining)","service":"simiriti-management-api","timestamp":"2025-06-17 02:20:50"}
